# JRE version: OpenJDK Runtime Environment (21.0.3) (build 21.0.3+-12282718-b509.11)
# Java VM: OpenJDK 64-Bit Server VM (21.0.3+-12282718-b509.11, mixed mode, tiered, compressed oops, compressed class ptrs, g1 gc, windows-amd64)
GC Precious Log:
 CardTable entry size: 512
 Card Set container configuration: InlinePtr #cards 5 size 8 Array Of Cards #cards 12 size 40 Howl #buckets 4 coarsen threshold 1843 Howl Bitmap #cards 512 size 80 coarsen threshold 460 Card regions per heap region 1 cards per card region 2048
 CPUs: 2 total, 2 available
 Memory: 3918M
 Large Page Support: Disabled
 NUMA Support: Disabled
 Compressed Oops: Enabled (32-bit)
 Heap Region Size: 1M
 Heap Min Capacity: 8M
 Heap Initial Capacity: 62M
 Heap Max Capacity: 2G
 Pre-touch: Disabled
 Parallel Workers: 2
 Concurrent Workers: 1
 Concurrent Refinement Workers: 2
 Periodic GC: Disabled
Heap:
 garbage-first heap   total 130048K, used 99354K [0x0000000080000000, 0x0000000100000000)
  region size 1024K, 26 young (26624K), 3 survivors (3072K)
 Metaspace       used 64947K, committed 66688K, reserved 491520K
  class space    used 8812K, committed 9664K, reserved 425984K
GC Heap History (20 events):
Event: 36.208 GC heap before
{Heap before GC invocations=17 (full 0):
 garbage-first heap   total 76800K, used 55925K [0x0000000080000000, 0x0000000100000000)
  region size 1024K, 12 young (12288K), 1 survivors (1024K)
 Metaspace       used 40389K, committed 41472K, reserved 491520K
  class space    used 5600K, committed 6144K, reserved 425984K
}
Event: 36.214 GC heap after
{Heap after GC invocations=18 (full 0):
 garbage-first heap   total 76800K, used 45316K [0x0000000080000000, 0x0000000100000000)
  region size 1024K, 2 young (2048K), 2 survivors (2048K)
 Metaspace       used 40389K, committed 41472K, reserved 491520K
  class space    used 5600K, committed 6144K, reserved 425984K
}
Event: 37.059 GC heap before
{Heap before GC invocations=18 (full 0):
 garbage-first heap   total 76800K, used 62724K [0x0000000080000000, 0x0000000100000000)
  region size 1024K, 20 young (20480K), 2 survivors (2048K)
 Metaspace       used 43133K, committed 44416K, reserved 491520K
  class space    used 6054K, committed 6720K, reserved 425984K
}
Event: 37.069 GC heap after
{Heap after GC invocations=19 (full 0):
 garbage-first heap   total 76800K, used 46079K [0x0000000080000000, 0x0000000100000000)
  region size 1024K, 3 young (3072K), 3 survivors (3072K)
 Metaspace       used 43133K, committed 44416K, reserved 491520K
  class space    used 6054K, committed 6720K, reserved 425984K
}
Event: 37.854 GC heap before
{Heap before GC invocations=19 (full 0):
 garbage-first heap   total 76800K, used 64511K [0x0000000080000000, 0x0000000100000000)
  region size 1024K, 22 young (22528K), 3 survivors (3072K)
 Metaspace       used 47689K, committed 48896K, reserved 491520K
  class space    used 6549K, committed 7168K, reserved 425984K
}
Event: 37.868 GC heap after
{Heap after GC invocations=20 (full 0):
 garbage-first heap   total 76800K, used 48128K [0x0000000080000000, 0x0000000100000000)
  region size 1024K, 3 young (3072K), 3 survivors (3072K)
 Metaspace       used 47689K, committed 48896K, reserved 491520K
  class space    used 6549K, committed 7168K, reserved 425984K
}
Event: 38.494 GC heap before
{Heap before GC invocations=21 (full 0):
 garbage-first heap   total 81920K, used 65536K [0x0000000080000000, 0x0000000100000000)
  region size 1024K, 21 young (21504K), 3 survivors (3072K)
 Metaspace       used 49260K, committed 50560K, reserved 491520K
  class space    used 6713K, committed 7360K, reserved 425984K
}
Event: 38.507 GC heap after
{Heap after GC invocations=22 (full 0):
 garbage-first heap   total 81920K, used 50905K [0x0000000080000000, 0x0000000100000000)
  region size 1024K, 3 young (3072K), 3 survivors (3072K)
 Metaspace       used 49260K, committed 50560K, reserved 491520K
  class space    used 6713K, committed 7360K, reserved 425984K
}
Event: 39.264 GC heap before
{Heap before GC invocations=22 (full 0):
 garbage-first heap   total 81920K, used 76505K [0x0000000080000000, 0x0000000100000000)
  region size 1024K, 23 young (23552K), 3 survivors (3072K)
 Metaspace       used 51080K, committed 52352K, reserved 491520K
  class space    used 6840K, committed 7488K, reserved 425984K
}
Event: 39.275 GC heap after
{Heap after GC invocations=23 (full 0):
 garbage-first heap   total 82944K, used 51375K [0x0000000080000000, 0x0000000100000000)
  region size 1024K, 3 young (3072K), 3 survivors (3072K)
 Metaspace       used 51080K, committed 52352K, reserved 491520K
  class space    used 6840K, committed 7488K, reserved 425984K
}
Event: 40.691 GC heap before
{Heap before GC invocations=23 (full 0):
 garbage-first heap   total 82944K, used 72879K [0x0000000080000000, 0x0000000100000000)
  region size 1024K, 24 young (24576K), 3 survivors (3072K)
 Metaspace       used 53726K, committed 55168K, reserved 491520K
  class space    used 7269K, committed 8000K, reserved 425984K
}
Event: 40.701 GC heap after
{Heap after GC invocations=24 (full 0):
 garbage-first heap   total 100352K, used 52608K [0x0000000080000000, 0x0000000100000000)
  region size 1024K, 2 young (2048K), 2 survivors (2048K)
 Metaspace       used 53726K, committed 55168K, reserved 491520K
  class space    used 7269K, committed 8000K, reserved 425984K
}
Event: 42.663 GC heap before
{Heap before GC invocations=25 (full 0):
 garbage-first heap   total 100352K, used 87424K [0x0000000080000000, 0x0000000100000000)
  region size 1024K, 34 young (34816K), 2 survivors (2048K)
 Metaspace       used 56570K, committed 57984K, reserved 491520K
  class space    used 7737K, committed 8448K, reserved 425984K
}
Event: 42.677 GC heap after
{Heap after GC invocations=26 (full 0):
 garbage-first heap   total 100352K, used 58368K [0x0000000080000000, 0x0000000100000000)
  region size 1024K, 5 young (5120K), 5 survivors (5120K)
 Metaspace       used 56570K, committed 57984K, reserved 491520K
  class space    used 7737K, committed 8448K, reserved 425984K
}
Event: 44.538 GC heap before
{Heap before GC invocations=26 (full 0):
 garbage-first heap   total 100352K, used 99328K [0x0000000080000000, 0x0000000100000000)
  region size 1024K, 32 young (32768K), 5 survivors (5120K)
 Metaspace       used 59182K, committed 60672K, reserved 491520K
  class space    used 7981K, committed 8704K, reserved 425984K
}
Event: 44.572 GC heap after
{Heap after GC invocations=27 (full 0):
 garbage-first heap   total 111616K, used 75393K [0x0000000080000000, 0x0000000100000000)
  region size 1024K, 5 young (5120K), 5 survivors (5120K)
 Metaspace       used 59182K, committed 60672K, reserved 491520K
  class space    used 7981K, committed 8704K, reserved 425984K
}
Event: 45.236 GC heap before
{Heap before GC invocations=27 (full 0):
 garbage-first heap   total 111616K, used 99969K [0x0000000080000000, 0x0000000100000000)
  region size 1024K, 29 young (29696K), 5 survivors (5120K)
 Metaspace       used 59949K, committed 61568K, reserved 491520K
  class space    used 8095K, committed 8896K, reserved 425984K
}
Event: 45.247 GC heap after
{Heap after GC invocations=28 (full 0):
 garbage-first heap   total 111616K, used 76431K [0x0000000080000000, 0x0000000100000000)
  region size 1024K, 1 young (1024K), 1 survivors (1024K)
 Metaspace       used 59949K, committed 61568K, reserved 491520K
  class space    used 8095K, committed 8896K, reserved 425984K
}
Event: 47.964 GC heap before
{Heap before GC invocations=29 (full 0):
 garbage-first heap   total 130048K, used 102031K [0x0000000080000000, 0x0000000100000000)
  region size 1024K, 26 young (26624K), 1 survivors (1024K)
 Metaspace       used 62121K, committed 63808K, reserved 491520K
  class space    used 8426K, committed 9280K, reserved 425984K
}
Event: 47.974 GC heap after
{Heap after GC invocations=30 (full 0):
 garbage-first heap   total 130048K, used 77850K [0x0000000080000000, 0x0000000100000000)
  region size 1024K, 3 young (3072K), 3 survivors (3072K)
 Metaspace       used 62121K, committed 63808K, reserved 491520K
  class space    used 8426K, committed 9280K, reserved 425984K
}

